<?xml version="1.0" encoding="UTF-8"?>
<!-- Generated by org.testng.reporters.JUnitReportReporter -->
<testsuite hostname="BT1603013" name="testcases.ExcuteTest" tests="1" failures="0" timestamp="9 Oct 2018 04:45:13 GMT" time="35.736" errors="0">
  <testcase name="executeTest" time="35.736" classname="testcases.ExcuteTest"/>
</testsuite> <!-- testcases.ExcuteTest -->
