<?xml version="1.0" encoding="UTF-8"?>
<!-- Generated by org.testng.reporters.JUnitReportReporter -->
<testsuite hostname="BT1603013" name="testcases.ExcuteTest" tests="1" failures="0" timestamp="31 Oct 2018 04:27:34 GMT" time="13.217" errors="0">
  <testcase name="executeTest" time="13.217" classname="testcases.ExcuteTest"/>
</testsuite> <!-- testcases.ExcuteTest -->
