<?xml version="1.0" encoding="UTF-8"?>
<!-- Generated by org.testng.reporters.JUnitReportReporter -->
<testsuite hostname="BT1603013" name="testcases.ExcuteTest" tests="1" failures="0" timestamp="31 Oct 2018 04:34:56 GMT" time="15.713" errors="0">
  <testcase name="executeTest" time="15.713" classname="testcases.ExcuteTest"/>
</testsuite> <!-- testcases.ExcuteTest -->
